<?xml version="1.0" encoding="UTF-8"?>
<!-- Generated by org.testng.reporters.JUnitReportReporter -->
<testsuite hostname="LAPTOP-7CQPOEEU" failures="0" tests="1" name="testCases.TC02_VerifyCheckout" time="0.391" errors="0" timestamp="2024-09-02T13:35:05 IST" skipped="0">
  <testcase classname="testCases.TC02_VerifyCheckout" name="verify_checkout" time="0.391"/>
</testsuite> <!-- testCases.TC02_VerifyCheckout -->
