<?xml version="1.0" encoding="UTF-8"?>
<!-- Generated by org.testng.reporters.JUnitReportReporter -->
<testsuite hostname="LAPTOP-7CQPOEEU" failures="0" tests="1" name="testCases.TC01_AccountRegistrationTest" time="1.684" errors="0" timestamp="2024-09-02T13:35:05 IST" skipped="0">
  <testcase classname="testCases.TC01_AccountRegistrationTest" name="verify_account_registeration" time="1.684"/>
</testsuite> <!-- testCases.TC01_AccountRegistrationTest -->
