<?xml version="1.0" encoding="UTF-8"?>
<!-- Generated by org.testng.reporters.JUnitReportReporter -->
<testsuite hostname="LAPTOP-7CQPOEEU" failures="0" tests="1" name="testBase.TC01_AccountRegistrationTest" time="1.417" errors="0" timestamp="2024-08-26T12:48:58 IST" skipped="0">
  <testcase classname="testBase.TC01_AccountRegistrationTest" name="verify_account_registeration" time="1.417"/>
</testsuite> <!-- testBase.TC01_AccountRegistrationTest -->
