<?xml version="1.0" encoding="UTF-8"?>
<!-- Generated by org.testng.reporters.JUnitReportReporter -->
<testsuite hostname="LAPTOP-7CQPOEEU" failures="0" tests="1" name="testCases.TC03_IphoneCart" time="4.047" errors="0" timestamp="2024-09-02T13:35:05 IST" skipped="0">
  <testcase classname="testCases.TC03_IphoneCart" name="verify_checkout_Iphone" time="4.047"/>
</testsuite> <!-- testCases.TC03_IphoneCart -->
